


ARM Macro Assembler    Page 1 


    1 00000000         ;*******************************************************
                       *******************
    2 00000000         ;* @file     startup_at32f403a_407.s
    3 00000000         ;* @version  v2.0.7
    4 00000000         ;* @date     2022-08-16
    5 00000000         ;* @brief    at32f403a_407 startup file for keil
    6 00000000         ;*******************************************************
                       *******************
    7 00000000         ;
    8 00000000         
    9 00000000         ; Amount of memory (in bytes) allocated for Stack
   10 00000000         ; Tailor this value to your application needs
   11 00000000         ; <h> Stack Configuration
   12 00000000         ;   <o> Stack Size (in Bytes) <0x0-0xFFFFFFFF:8>
   13 00000000         ; </h>
   14 00000000         
   15 00000000 00000800 
                       Stack_Size
                               EQU              0x00000800
   16 00000000         
   17 00000000                 AREA             STACK, NOINIT, READWRITE, ALIGN
=3
   18 00000000         Stack_Mem
                               SPACE            Stack_Size
   19 00000800         __initial_sp
   20 00000800         
   21 00000800         ; <h> Heap Configuration
   22 00000800         ;   <o>  Heap Size (in Bytes) <0x0-0xFFFFFFFF:8>
   23 00000800         ; </h>
   24 00000800         
   25 00000800 00000800 
                       Heap_Size
                               EQU              0x00000800
   26 00000800         
   27 00000800                 AREA             HEAP, NOINIT, READWRITE, ALIGN=
3
   28 00000000         __heap_base
   29 00000000         Heap_Mem
                               SPACE            Heap_Size
   30 00000800         __heap_limit
   31 00000800         
   32 00000800                 PRESERVE8
   33 00000800                 THUMB
   34 00000800         
   35 00000800         
   36 00000800         ; Vector Table Mapped to Address 0 at Reset
   37 00000800                 AREA             RESET, DATA, READONLY
   38 00000000                 EXPORT           __Vectors
   39 00000000                 EXPORT           __Vectors_End
   40 00000000                 EXPORT           __Vectors_Size
   41 00000000         
   42 00000000 00000000 
                       __Vectors
                               DCD              __initial_sp ; Top of Stack
   43 00000004 00000000        DCD              Reset_Handler ; Reset Handler
   44 00000008 00000000        DCD              NMI_Handler ; NMI Handler
   45 0000000C 00000000        DCD              HardFault_Handler ; Hard Fault 
                                                            Handler
   46 00000010 00000000        DCD              MemManage_Handler 



ARM Macro Assembler    Page 2 


                                                            ; MPU Fault Handler
                                                            
   47 00000014 00000000        DCD              BusFault_Handler 
                                                            ; Bus Fault Handler
                                                            
   48 00000018 00000000        DCD              UsageFault_Handler ; Usage Faul
                                                            t Handler
   49 0000001C 00000000        DCD              0           ; Reserved
   50 00000020 00000000        DCD              0           ; Reserved
   51 00000024 00000000        DCD              0           ; Reserved
   52 00000028 00000000        DCD              0           ; Reserved
   53 0000002C 00000000        DCD              SVC_Handler ; SVCall Handler
   54 00000030 00000000        DCD              DebugMon_Handler ; Debug Monito
                                                            r Handler
   55 00000034 00000000        DCD              0           ; Reserved
   56 00000038 00000000        DCD              PendSV_Handler ; PendSV Handler
                                                            
   57 0000003C 00000000        DCD              SysTick_Handler 
                                                            ; SysTick Handler
   58 00000040         
   59 00000040         ; External Interrupts
   60 00000040 00000000        DCD              WWDT_IRQHandler ; Window Watchd
                                                            og Timer
   61 00000044 00000000        DCD              PVM_IRQHandler ; PVM through EX
                                                            INT Line detect
   62 00000048 00000000        DCD              TAMPER_IRQHandler ; Tamper
   63 0000004C 00000000        DCD              RTC_IRQHandler ; RTC
   64 00000050 00000000        DCD              FLASH_IRQHandler ; Flash
   65 00000054 00000000        DCD              CRM_IRQHandler ; CRM
   66 00000058 00000000        DCD              EXINT0_IRQHandler 
                                                            ; EXINT Line 0
   67 0000005C 00000000        DCD              EXINT1_IRQHandler 
                                                            ; EXINT Line 1
   68 00000060 00000000        DCD              EXINT2_IRQHandler 
                                                            ; EXINT Line 2
   69 00000064 00000000        DCD              EXINT3_IRQHandler 
                                                            ; EXINT Line 3
   70 00000068 00000000        DCD              EXINT4_IRQHandler 
                                                            ; EXINT Line 4
   71 0000006C 00000000        DCD              DMA1_Channel1_IRQHandler 
                                                            ; DMA1 Channel 1
   72 00000070 00000000        DCD              DMA1_Channel2_IRQHandler 
                                                            ; DMA1 Channel 2
   73 00000074 00000000        DCD              DMA1_Channel3_IRQHandler 
                                                            ; DMA1 Channel 3
   74 00000078 00000000        DCD              DMA1_Channel4_IRQHandler 
                                                            ; DMA1 Channel 4
   75 0000007C 00000000        DCD              DMA1_Channel5_IRQHandler 
                                                            ; DMA1 Channel 5
   76 00000080 00000000        DCD              DMA1_Channel6_IRQHandler 
                                                            ; DMA1 Channel 6
   77 00000084 00000000        DCD              DMA1_Channel7_IRQHandler 
                                                            ; DMA1 Channel 7
   78 00000088 00000000        DCD              ADC1_2_IRQHandler ; ADC1 & ADC2
                                                            
   79 0000008C 00000000        DCD              USBFS_H_CAN1_TX_IRQHandler ; US
                                                            B High Priority or 
                                                            CAN1 TX
   80 00000090 00000000        DCD              USBFS_L_CAN1_RX0_IRQHandler ; U



ARM Macro Assembler    Page 3 


                                                            SB Low  Priority or
                                                             CAN1 RX0
   81 00000094 00000000        DCD              CAN1_RX1_IRQHandler ; CAN1 RX1
   82 00000098 00000000        DCD              CAN1_SE_IRQHandler ; CAN1 SE
   83 0000009C 00000000        DCD              EXINT9_5_IRQHandler 
                                                            ; EXINT Line [9:5]
   84 000000A0 00000000        DCD              TMR1_BRK_TMR9_IRQHandler ; TMR1
                                                             Brake and TMR9
   85 000000A4 00000000        DCD              TMR1_OVF_TMR10_IRQHandler ; TMR
                                                            1 overflow and TMR1
                                                            0
   86 000000A8 00000000        DCD              TMR1_TRG_HALL_TMR11_IRQHandler 
                                                            ; TMR1 Trigger and 
                                                            hall and TMR11
   87 000000AC 00000000        DCD              TMR1_CH_IRQHandler 
                                                            ; TMR1 channel
   88 000000B0 00000000        DCD              TMR2_GLOBAL_IRQHandler ; TMR2
   89 000000B4 00000000        DCD              TMR3_GLOBAL_IRQHandler ; TMR3
   90 000000B8 00000000        DCD              TMR4_GLOBAL_IRQHandler ; TMR4
   91 000000BC 00000000        DCD              I2C1_EVT_IRQHandler 
                                                            ; I2C1 Event
   92 000000C0 00000000        DCD              I2C1_ERR_IRQHandler 
                                                            ; I2C1 Error
   93 000000C4 00000000        DCD              I2C2_EVT_IRQHandler 
                                                            ; I2C2 Event
   94 000000C8 00000000        DCD              I2C2_ERR_IRQHandler 
                                                            ; I2C2 Error
   95 000000CC 00000000        DCD              SPI1_IRQHandler ; SPI1
   96 000000D0 00000000        DCD              SPI2_IRQHandler ; SPI2
   97 000000D4 00000000        DCD              USART1_IRQHandler ; USART1
   98 000000D8 00000000        DCD              USART2_IRQHandler ; USART2
   99 000000DC 00000000        DCD              USART3_IRQHandler ; USART3
  100 000000E0 00000000        DCD              EXINT15_10_IRQHandler ; EXINT L
                                                            ine [15:10]
  101 000000E4 00000000        DCD              RTCAlarm_IRQHandler ; RTC Alarm
                                                             through EXINT Line
                                                            
  102 000000E8 00000000        DCD              USBFSWakeUp_IRQHandler ; USB Wa
                                                            keup from suspend
  103 000000EC 00000000        DCD              TMR8_BRK_IRQHandler 
                                                            ; TMR8 Brake
  104 000000F0 00000000        DCD              TMR8_OVF_IRQHandler 
                                                            ; TMR8 overflow
  105 000000F4 00000000        DCD              TMR8_TRG_HALL_IRQHandler ; TMR8
                                                             Trigger and hall
  106 000000F8 00000000        DCD              TMR8_CH_IRQHandler 
                                                            ; TMR8 channel
  107 000000FC 00000000        DCD              0           ; Reserved
  108 00000100 00000000        DCD              0           ; Reserved
  109 00000104 00000000        DCD              SDIO1_IRQHandler ; SDIO1
  110 00000108 00000000        DCD              TMR5_GLOBAL_IRQHandler ; TMR5
  111 0000010C 00000000        DCD              0           ; Reserved
  112 00000110 00000000        DCD              UART4_IRQHandler ; UART4
  113 00000114 00000000        DCD              UART5_IRQHandler ; UART5
  114 00000118 00000000        DCD              0           ; Reserved
  115 0000011C 00000000        DCD              0           ; Reserved
  116 00000120 00000000        DCD              DMA2_Channel1_IRQHandler 
                                                            ; DMA2 Channel1
  117 00000124 00000000        DCD              DMA2_Channel2_IRQHandler 



ARM Macro Assembler    Page 4 


                                                            ; DMA2 Channel2
  118 00000128 00000000        DCD              DMA2_Channel3_IRQHandler 
                                                            ; DMA2 Channel3
  119 0000012C 00000000        DCD              DMA2_Channel4_5_IRQHandler ; DM
                                                            A2 Channel4 & Chann
                                                            el5
  120 00000130 00000000        DCD              0           ; Reserved
  121 00000134 00000000        DCD              0           ; Reserved
  122 00000138 00000000        DCD              0           ; Reserved
  123 0000013C 00000000        DCD              0           ; Reserved
  124 00000140 00000000        DCD              0           ; Reserved
  125 00000144 00000000        DCD              0           ; Reserved
  126 00000148 00000000        DCD              0           ; Reserved
  127 0000014C 00000000        DCD              0           ; Reserved
  128 00000150 00000000        DCD              CAN2_TX_IRQHandler ; CAN2 TX
  129 00000154 00000000        DCD              CAN2_RX0_IRQHandler ; CAN2 RX0
  130 00000158 00000000        DCD              CAN2_RX1_IRQHandler ; CAN2 RX1
  131 0000015C 00000000        DCD              CAN2_SE_IRQHandler ; CAN2 SE
  132 00000160 00000000        DCD              ACC_IRQHandler ; ACC
  133 00000164 00000000        DCD              USBFS_MAPH_IRQHandler 
                                                            ; USB Map High
  134 00000168 00000000        DCD              USBFS_MAPL_IRQHandler 
                                                            ; USB Map Low
  135 0000016C 00000000        DCD              DMA2_Channel6_7_IRQHandler ; DM
                                                            A2 Channel6 & Chann
                                                            el7
  136 00000170         __Vectors_End
  137 00000170         
  138 00000170 00000170 
                       __Vectors_Size
                               EQU              __Vectors_End - __Vectors
  139 00000170         
  140 00000170                 AREA             |.text|, CODE, READONLY
  141 00000000         
  142 00000000         ; Reset handler
  143 00000000         Reset_Handler
                               PROC
  144 00000000                 EXPORT           Reset_Handler                  
     [WEAK]
  145 00000000                 IMPORT           __main
  146 00000000                 IMPORT           SystemInit
  147 00000000         ; add for extend sram
  148 00000000                 IMPORT           extend_sram
  149 00000000 F241 0000 
              F2C2 0000        MOV32            R0, #0x20001000
  150 00000008 4685            MOV              SP, R0
  151 0000000A 480E            LDR              R0, =extend_sram
  152 0000000C 4780            BLX              R0
  153 0000000E F240 0000 
              F6C0 0000        MOV32            R0, #0x08000000
  154 00000016 F8D0 D000       LDR              SP, [R0]
  155 0000001A         
  156 0000001A 480B            LDR              R0, =SystemInit
  157 0000001C 4780            BLX              R0
  158 0000001E 480B            LDR              R0, =__main
  159 00000020 4700            BX               R0
  160 00000022                 ENDP
  161 00000022         
  162 00000022         ; Dummy Exception Handlers (infinite loops which can be 



ARM Macro Assembler    Page 5 


                       modified)
  163 00000022         
  164 00000022         NMI_Handler
                               PROC
  165 00000022                 EXPORT           NMI_Handler                    
     [WEAK]
  166 00000022 E7FE            B                .
  167 00000024                 ENDP
  169 00000024         HardFault_Handler
                               PROC
  170 00000024                 EXPORT           HardFault_Handler              
     [WEAK]
  171 00000024 E7FE            B                .
  172 00000026                 ENDP
  174 00000026         MemManage_Handler
                               PROC
  175 00000026                 EXPORT           MemManage_Handler              
     [WEAK]
  176 00000026 E7FE            B                .
  177 00000028                 ENDP
  179 00000028         BusFault_Handler
                               PROC
  180 00000028                 EXPORT           BusFault_Handler               
     [WEAK]
  181 00000028 E7FE            B                .
  182 0000002A                 ENDP
  184 0000002A         UsageFault_Handler
                               PROC
  185 0000002A                 EXPORT           UsageFault_Handler             
     [WEAK]
  186 0000002A E7FE            B                .
  187 0000002C                 ENDP
  188 0000002C         SVC_Handler
                               PROC
  189 0000002C                 EXPORT           SVC_Handler                    
     [WEAK]
  190 0000002C E7FE            B                .
  191 0000002E                 ENDP
  193 0000002E         DebugMon_Handler
                               PROC
  194 0000002E                 EXPORT           DebugMon_Handler               
     [WEAK]
  195 0000002E E7FE            B                .
  196 00000030                 ENDP
  197 00000030         PendSV_Handler
                               PROC
  198 00000030                 EXPORT           PendSV_Handler                 
     [WEAK]
  199 00000030 E7FE            B                .
  200 00000032                 ENDP
  201 00000032         SysTick_Handler
                               PROC
  202 00000032                 EXPORT           SysTick_Handler                
     [WEAK]
  203 00000032 E7FE            B                .
  204 00000034                 ENDP
  205 00000034         
  206 00000034         Default_Handler
                               PROC



ARM Macro Assembler    Page 6 


  207 00000034         
  208 00000034                 EXPORT           WWDT_IRQHandler                
     [WEAK]
  209 00000034                 EXPORT           PVM_IRQHandler                 
     [WEAK]
  210 00000034                 EXPORT           TAMPER_IRQHandler              
     [WEAK]
  211 00000034                 EXPORT           RTC_IRQHandler                 
     [WEAK]
  212 00000034                 EXPORT           FLASH_IRQHandler               
     [WEAK]
  213 00000034                 EXPORT           CRM_IRQHandler                 
     [WEAK]
  214 00000034                 EXPORT           EXINT0_IRQHandler              
     [WEAK]
  215 00000034                 EXPORT           EXINT1_IRQHandler              
     [WEAK]
  216 00000034                 EXPORT           EXINT2_IRQHandler              
     [WEAK]
  217 00000034                 EXPORT           EXINT3_IRQHandler              
     [WEAK]
  218 00000034                 EXPORT           EXINT4_IRQHandler              
     [WEAK]
  219 00000034                 EXPORT           DMA1_Channel1_IRQHandler       
     [WEAK]
  220 00000034                 EXPORT           DMA1_Channel2_IRQHandler       
     [WEAK]
  221 00000034                 EXPORT           DMA1_Channel3_IRQHandler       
     [WEAK]
  222 00000034                 EXPORT           DMA1_Channel4_IRQHandler       
     [WEAK]
  223 00000034                 EXPORT           DMA1_Channel5_IRQHandler       
     [WEAK]
  224 00000034                 EXPORT           DMA1_Channel6_IRQHandler       
     [WEAK]
  225 00000034                 EXPORT           DMA1_Channel7_IRQHandler       
     [WEAK]
  226 00000034                 EXPORT           ADC1_2_IRQHandler              
     [WEAK]
  227 00000034                 EXPORT           USBFS_H_CAN1_TX_IRQHandler     
     [WEAK]
  228 00000034                 EXPORT           USBFS_L_CAN1_RX0_IRQHandler    
     [WEAK]
  229 00000034                 EXPORT           CAN1_RX1_IRQHandler            
     [WEAK]
  230 00000034                 EXPORT           CAN1_SE_IRQHandler             
     [WEAK]
  231 00000034                 EXPORT           EXINT9_5_IRQHandler            
     [WEAK]
  232 00000034                 EXPORT           TMR1_BRK_TMR9_IRQHandler       
     [WEAK]
  233 00000034                 EXPORT           TMR1_OVF_TMR10_IRQHandler      
     [WEAK]
  234 00000034                 EXPORT           TMR1_TRG_HALL_TMR11_IRQHandler 
     [WEAK]
  235 00000034                 EXPORT           TMR1_CH_IRQHandler             
     [WEAK]
  236 00000034                 EXPORT           TMR2_GLOBAL_IRQHandler         
     [WEAK]



ARM Macro Assembler    Page 7 


  237 00000034                 EXPORT           TMR3_GLOBAL_IRQHandler         
     [WEAK]
  238 00000034                 EXPORT           TMR4_GLOBAL_IRQHandler         
     [WEAK]
  239 00000034                 EXPORT           I2C1_EVT_IRQHandler            
     [WEAK]
  240 00000034                 EXPORT           I2C1_ERR_IRQHandler            
     [WEAK]
  241 00000034                 EXPORT           I2C2_EVT_IRQHandler            
     [WEAK]
  242 00000034                 EXPORT           I2C2_ERR_IRQHandler            
     [WEAK]
  243 00000034                 EXPORT           SPI1_IRQHandler                
     [WEAK]
  244 00000034                 EXPORT           SPI2_IRQHandler                
     [WEAK]
  245 00000034                 EXPORT           USART1_IRQHandler              
     [WEAK]
  246 00000034                 EXPORT           USART2_IRQHandler              
     [WEAK]
  247 00000034                 EXPORT           USART3_IRQHandler              
     [WEAK]
  248 00000034                 EXPORT           EXINT15_10_IRQHandler          
     [WEAK]
  249 00000034                 EXPORT           RTCAlarm_IRQHandler            
     [WEAK]
  250 00000034                 EXPORT           USBFSWakeUp_IRQHandler         
     [WEAK]
  251 00000034                 EXPORT           TMR8_BRK_IRQHandler            
     [WEAK]
  252 00000034                 EXPORT           TMR8_OVF_IRQHandler            
     [WEAK]
  253 00000034                 EXPORT           TMR8_TRG_HALL_IRQHandler       
     [WEAK]
  254 00000034                 EXPORT           TMR8_CH_IRQHandler             
     [WEAK]
  255 00000034                 EXPORT           SDIO1_IRQHandler               
     [WEAK]
  256 00000034                 EXPORT           TMR5_GLOBAL_IRQHandler         
     [WEAK]
  257 00000034                 EXPORT           UART4_IRQHandler               
     [WEAK]
  258 00000034                 EXPORT           UART5_IRQHandler               
     [WEAK]
  259 00000034                 EXPORT           DMA2_Channel1_IRQHandler       
     [WEAK]
  260 00000034                 EXPORT           DMA2_Channel2_IRQHandler       
     [WEAK]
  261 00000034                 EXPORT           DMA2_Channel3_IRQHandler       
     [WEAK]
  262 00000034                 EXPORT           DMA2_Channel4_5_IRQHandler     
     [WEAK]
  263 00000034                 EXPORT           CAN2_TX_IRQHandler             
     [WEAK]
  264 00000034                 EXPORT           CAN2_RX0_IRQHandler            
     [WEAK]
  265 00000034                 EXPORT           CAN2_RX1_IRQHandler            
     [WEAK]
  266 00000034                 EXPORT           CAN2_SE_IRQHandler             



ARM Macro Assembler    Page 8 


     [WEAK]
  267 00000034                 EXPORT           ACC_IRQHandler                 
     [WEAK]
  268 00000034                 EXPORT           USBFS_MAPH_IRQHandler          
     [WEAK]
  269 00000034                 EXPORT           USBFS_MAPL_IRQHandler          
     [WEAK]
  270 00000034                 EXPORT           DMA2_Channel6_7_IRQHandler     
     [WEAK]
  271 00000034         
  272 00000034         WWDT_IRQHandler
  273 00000034         PVM_IRQHandler
  274 00000034         TAMPER_IRQHandler
  275 00000034         RTC_IRQHandler
  276 00000034         FLASH_IRQHandler
  277 00000034         CRM_IRQHandler
  278 00000034         EXINT0_IRQHandler
  279 00000034         EXINT1_IRQHandler
  280 00000034         EXINT2_IRQHandler
  281 00000034         EXINT3_IRQHandler
  282 00000034         EXINT4_IRQHandler
  283 00000034         DMA1_Channel1_IRQHandler
  284 00000034         DMA1_Channel2_IRQHandler
  285 00000034         DMA1_Channel3_IRQHandler
  286 00000034         DMA1_Channel4_IRQHandler
  287 00000034         DMA1_Channel5_IRQHandler
  288 00000034         DMA1_Channel6_IRQHandler
  289 00000034         DMA1_Channel7_IRQHandler
  290 00000034         ADC1_2_IRQHandler
  291 00000034         USBFS_H_CAN1_TX_IRQHandler
  292 00000034         USBFS_L_CAN1_RX0_IRQHandler
  293 00000034         CAN1_RX1_IRQHandler
  294 00000034         CAN1_SE_IRQHandler
  295 00000034         EXINT9_5_IRQHandler
  296 00000034         TMR1_BRK_TMR9_IRQHandler
  297 00000034         TMR1_OVF_TMR10_IRQHandler
  298 00000034         TMR1_TRG_HALL_TMR11_IRQHandler
  299 00000034         TMR1_CH_IRQHandler
  300 00000034         TMR2_GLOBAL_IRQHandler
  301 00000034         TMR3_GLOBAL_IRQHandler
  302 00000034         TMR4_GLOBAL_IRQHandler
  303 00000034         I2C1_EVT_IRQHandler
  304 00000034         I2C1_ERR_IRQHandler
  305 00000034         I2C2_EVT_IRQHandler
  306 00000034         I2C2_ERR_IRQHandler
  307 00000034         SPI1_IRQHandler
  308 00000034         SPI2_IRQHandler
  309 00000034         USART1_IRQHandler
  310 00000034         USART2_IRQHandler
  311 00000034         USART3_IRQHandler
  312 00000034         EXINT15_10_IRQHandler
  313 00000034         RTCAlarm_IRQHandler
  314 00000034         USBFSWakeUp_IRQHandler
  315 00000034         TMR8_BRK_IRQHandler
  316 00000034         TMR8_OVF_IRQHandler
  317 00000034         TMR8_TRG_HALL_IRQHandler
  318 00000034         TMR8_CH_IRQHandler
  319 00000034         SDIO1_IRQHandler
  320 00000034         TMR5_GLOBAL_IRQHandler



ARM Macro Assembler    Page 9 


  321 00000034         UART4_IRQHandler
  322 00000034         UART5_IRQHandler
  323 00000034         DMA2_Channel1_IRQHandler
  324 00000034         DMA2_Channel2_IRQHandler
  325 00000034         DMA2_Channel3_IRQHandler
  326 00000034         DMA2_Channel4_5_IRQHandler
  327 00000034         CAN2_TX_IRQHandler
  328 00000034         CAN2_RX0_IRQHandler
  329 00000034         CAN2_RX1_IRQHandler
  330 00000034         CAN2_SE_IRQHandler
  331 00000034         ACC_IRQHandler
  332 00000034         USBFS_MAPH_IRQHandler
  333 00000034         USBFS_MAPL_IRQHandler
  334 00000034         DMA2_Channel6_7_IRQHandler
  335 00000034 E7FE            B                .
  336 00000036         
  337 00000036                 ENDP
  338 00000036         
  339 00000036 00 00           ALIGN
  340 00000038         
  341 00000038         ;*******************************************************
                       ************************
  342 00000038         ; User Stack and Heap initialization
  343 00000038         ;*******************************************************
                       ************************
  344 00000038                 IF               :DEF:__MICROLIB
  351 00000038         
  352 00000038                 IMPORT           __use_two_region_memory
  353 00000038                 EXPORT           __user_initial_stackheap
  354 00000038         
  355 00000038         __user_initial_stackheap
  356 00000038         
  357 00000038 4805            LDR              R0, = Heap_Mem
  358 0000003A 4906            LDR              R1, = (Stack_Mem + Stack_Size)
  359 0000003C 4A06            LDR              R2, = (Heap_Mem +  Heap_Size)
  360 0000003E 4B07            LDR              R3, = Stack_Mem
  361 00000040 4770            BX               LR
  362 00000042         
  363 00000042 00 00           ALIGN
  364 00000044         
  365 00000044                 ENDIF
  366 00000044         
  367 00000044                 END
              00000000 
              00000000 
              00000000 
              00000000 
              00000800 
              00000800 
              00000000 
Command Line: --debug --xref --diag_suppress=9931 --cpu=Cortex-M4.fp --apcs=int
erwork --depend=.\objects\startup_at32f413_ext_ram.d -o.\objects\startup_at32f4
13_ext_ram.o -I.\RTE\_RHINO-Pro_bldc -IC:\Keil_v5\ARM\PACK\ARM\CMSIS\5.3.0\CMSI
S\Include -IC:\Keil_v5\ARM\PACK\ArteryTek\AT32F413_DFP\2.0.6\Device\Include --p
redefine="__UVISION_VERSION SETA 525" --predefine="_RTE_ SETA 1" --predefine="A
T32F413CCU7 SETA 1" --list=.\listings\startup_at32f413_ext_ram.lst startup_at32
f413_ext_ram.s



ARM Macro Assembler    Page 1 Alphabetic symbol ordering
Relocatable symbols

STACK 00000000

Symbol: STACK
   Definitions
      At line 17 in file startup_at32f413_ext_ram.s
   Uses
      None
Comment: STACK unused
Stack_Mem 00000000

Symbol: Stack_Mem
   Definitions
      At line 18 in file startup_at32f413_ext_ram.s
   Uses
      At line 358 in file startup_at32f413_ext_ram.s
      At line 360 in file startup_at32f413_ext_ram.s

__initial_sp 00000800

Symbol: __initial_sp
   Definitions
      At line 19 in file startup_at32f413_ext_ram.s
   Uses
      At line 42 in file startup_at32f413_ext_ram.s
Comment: __initial_sp used once
3 symbols



ARM Macro Assembler    Page 1 Alphabetic symbol ordering
Relocatable symbols

HEAP 00000000

Symbol: HEAP
   Definitions
      At line 27 in file startup_at32f413_ext_ram.s
   Uses
      None
Comment: HEAP unused
Heap_Mem 00000000

Symbol: Heap_Mem
   Definitions
      At line 29 in file startup_at32f413_ext_ram.s
   Uses
      At line 357 in file startup_at32f413_ext_ram.s
      At line 359 in file startup_at32f413_ext_ram.s

__heap_base 00000000

Symbol: __heap_base
   Definitions
      At line 28 in file startup_at32f413_ext_ram.s
   Uses
      None
Comment: __heap_base unused
__heap_limit 00000800

Symbol: __heap_limit
   Definitions
      At line 30 in file startup_at32f413_ext_ram.s
   Uses
      None
Comment: __heap_limit unused
4 symbols



ARM Macro Assembler    Page 1 Alphabetic symbol ordering
Relocatable symbols

RESET 00000000

Symbol: RESET
   Definitions
      At line 37 in file startup_at32f413_ext_ram.s
   Uses
      None
Comment: RESET unused
__Vectors 00000000

Symbol: __Vectors
   Definitions
      At line 42 in file startup_at32f413_ext_ram.s
   Uses
      At line 38 in file startup_at32f413_ext_ram.s
      At line 138 in file startup_at32f413_ext_ram.s

__Vectors_End 00000170

Symbol: __Vectors_End
   Definitions
      At line 136 in file startup_at32f413_ext_ram.s
   Uses
      At line 39 in file startup_at32f413_ext_ram.s
      At line 138 in file startup_at32f413_ext_ram.s

3 symbols



ARM Macro Assembler    Page 1 Alphabetic symbol ordering
Relocatable symbols

.text 00000000

Symbol: .text
   Definitions
      At line 140 in file startup_at32f413_ext_ram.s
   Uses
      None
Comment: .text unused
ACC_IRQHandler 00000034

Symbol: ACC_IRQHandler
   Definitions
      At line 331 in file startup_at32f413_ext_ram.s
   Uses
      At line 132 in file startup_at32f413_ext_ram.s
      At line 267 in file startup_at32f413_ext_ram.s

ADC1_2_IRQHandler 00000034

Symbol: ADC1_2_IRQHandler
   Definitions
      At line 290 in file startup_at32f413_ext_ram.s
   Uses
      At line 78 in file startup_at32f413_ext_ram.s
      At line 226 in file startup_at32f413_ext_ram.s

BusFault_Handler 00000028

Symbol: BusFault_Handler
   Definitions
      At line 179 in file startup_at32f413_ext_ram.s
   Uses
      At line 47 in file startup_at32f413_ext_ram.s
      At line 180 in file startup_at32f413_ext_ram.s

CAN1_RX1_IRQHandler 00000034

Symbol: CAN1_RX1_IRQHandler
   Definitions
      At line 293 in file startup_at32f413_ext_ram.s
   Uses
      At line 81 in file startup_at32f413_ext_ram.s
      At line 229 in file startup_at32f413_ext_ram.s

CAN1_SE_IRQHandler 00000034

Symbol: CAN1_SE_IRQHandler
   Definitions
      At line 294 in file startup_at32f413_ext_ram.s
   Uses
      At line 82 in file startup_at32f413_ext_ram.s
      At line 230 in file startup_at32f413_ext_ram.s

CAN2_RX0_IRQHandler 00000034

Symbol: CAN2_RX0_IRQHandler
   Definitions
      At line 328 in file startup_at32f413_ext_ram.s
   Uses



ARM Macro Assembler    Page 2 Alphabetic symbol ordering
Relocatable symbols

      At line 129 in file startup_at32f413_ext_ram.s
      At line 264 in file startup_at32f413_ext_ram.s

CAN2_RX1_IRQHandler 00000034

Symbol: CAN2_RX1_IRQHandler
   Definitions
      At line 329 in file startup_at32f413_ext_ram.s
   Uses
      At line 130 in file startup_at32f413_ext_ram.s
      At line 265 in file startup_at32f413_ext_ram.s

CAN2_SE_IRQHandler 00000034

Symbol: CAN2_SE_IRQHandler
   Definitions
      At line 330 in file startup_at32f413_ext_ram.s
   Uses
      At line 131 in file startup_at32f413_ext_ram.s
      At line 266 in file startup_at32f413_ext_ram.s

CAN2_TX_IRQHandler 00000034

Symbol: CAN2_TX_IRQHandler
   Definitions
      At line 327 in file startup_at32f413_ext_ram.s
   Uses
      At line 128 in file startup_at32f413_ext_ram.s
      At line 263 in file startup_at32f413_ext_ram.s

CRM_IRQHandler 00000034

Symbol: CRM_IRQHandler
   Definitions
      At line 277 in file startup_at32f413_ext_ram.s
   Uses
      At line 65 in file startup_at32f413_ext_ram.s
      At line 213 in file startup_at32f413_ext_ram.s

DMA1_Channel1_IRQHandler 00000034

Symbol: DMA1_Channel1_IRQHandler
   Definitions
      At line 283 in file startup_at32f413_ext_ram.s
   Uses
      At line 71 in file startup_at32f413_ext_ram.s
      At line 219 in file startup_at32f413_ext_ram.s

DMA1_Channel2_IRQHandler 00000034

Symbol: DMA1_Channel2_IRQHandler
   Definitions
      At line 284 in file startup_at32f413_ext_ram.s
   Uses
      At line 72 in file startup_at32f413_ext_ram.s
      At line 220 in file startup_at32f413_ext_ram.s

DMA1_Channel3_IRQHandler 00000034




ARM Macro Assembler    Page 3 Alphabetic symbol ordering
Relocatable symbols

Symbol: DMA1_Channel3_IRQHandler
   Definitions
      At line 285 in file startup_at32f413_ext_ram.s
   Uses
      At line 73 in file startup_at32f413_ext_ram.s
      At line 221 in file startup_at32f413_ext_ram.s

DMA1_Channel4_IRQHandler 00000034

Symbol: DMA1_Channel4_IRQHandler
   Definitions
      At line 286 in file startup_at32f413_ext_ram.s
   Uses
      At line 74 in file startup_at32f413_ext_ram.s
      At line 222 in file startup_at32f413_ext_ram.s

DMA1_Channel5_IRQHandler 00000034

Symbol: DMA1_Channel5_IRQHandler
   Definitions
      At line 287 in file startup_at32f413_ext_ram.s
   Uses
      At line 75 in file startup_at32f413_ext_ram.s
      At line 223 in file startup_at32f413_ext_ram.s

DMA1_Channel6_IRQHandler 00000034

Symbol: DMA1_Channel6_IRQHandler
   Definitions
      At line 288 in file startup_at32f413_ext_ram.s
   Uses
      At line 76 in file startup_at32f413_ext_ram.s
      At line 224 in file startup_at32f413_ext_ram.s

DMA1_Channel7_IRQHandler 00000034

Symbol: DMA1_Channel7_IRQHandler
   Definitions
      At line 289 in file startup_at32f413_ext_ram.s
   Uses
      At line 77 in file startup_at32f413_ext_ram.s
      At line 225 in file startup_at32f413_ext_ram.s

DMA2_Channel1_IRQHandler 00000034

Symbol: DMA2_Channel1_IRQHandler
   Definitions
      At line 323 in file startup_at32f413_ext_ram.s
   Uses
      At line 116 in file startup_at32f413_ext_ram.s
      At line 259 in file startup_at32f413_ext_ram.s

DMA2_Channel2_IRQHandler 00000034

Symbol: DMA2_Channel2_IRQHandler
   Definitions
      At line 324 in file startup_at32f413_ext_ram.s
   Uses
      At line 117 in file startup_at32f413_ext_ram.s



ARM Macro Assembler    Page 4 Alphabetic symbol ordering
Relocatable symbols

      At line 260 in file startup_at32f413_ext_ram.s

DMA2_Channel3_IRQHandler 00000034

Symbol: DMA2_Channel3_IRQHandler
   Definitions
      At line 325 in file startup_at32f413_ext_ram.s
   Uses
      At line 118 in file startup_at32f413_ext_ram.s
      At line 261 in file startup_at32f413_ext_ram.s

DMA2_Channel4_5_IRQHandler 00000034

Symbol: DMA2_Channel4_5_IRQHandler
   Definitions
      At line 326 in file startup_at32f413_ext_ram.s
   Uses
      At line 119 in file startup_at32f413_ext_ram.s
      At line 262 in file startup_at32f413_ext_ram.s

DMA2_Channel6_7_IRQHandler 00000034

Symbol: DMA2_Channel6_7_IRQHandler
   Definitions
      At line 334 in file startup_at32f413_ext_ram.s
   Uses
      At line 135 in file startup_at32f413_ext_ram.s
      At line 270 in file startup_at32f413_ext_ram.s

DebugMon_Handler 0000002E

Symbol: DebugMon_Handler
   Definitions
      At line 193 in file startup_at32f413_ext_ram.s
   Uses
      At line 54 in file startup_at32f413_ext_ram.s
      At line 194 in file startup_at32f413_ext_ram.s

Default_Handler 00000034

Symbol: Default_Handler
   Definitions
      At line 206 in file startup_at32f413_ext_ram.s
   Uses
      None
Comment: Default_Handler unused
EXINT0_IRQHandler 00000034

Symbol: EXINT0_IRQHandler
   Definitions
      At line 278 in file startup_at32f413_ext_ram.s
   Uses
      At line 66 in file startup_at32f413_ext_ram.s
      At line 214 in file startup_at32f413_ext_ram.s

EXINT15_10_IRQHandler 00000034

Symbol: EXINT15_10_IRQHandler
   Definitions



ARM Macro Assembler    Page 5 Alphabetic symbol ordering
Relocatable symbols

      At line 312 in file startup_at32f413_ext_ram.s
   Uses
      At line 100 in file startup_at32f413_ext_ram.s
      At line 248 in file startup_at32f413_ext_ram.s

EXINT1_IRQHandler 00000034

Symbol: EXINT1_IRQHandler
   Definitions
      At line 279 in file startup_at32f413_ext_ram.s
   Uses
      At line 67 in file startup_at32f413_ext_ram.s
      At line 215 in file startup_at32f413_ext_ram.s

EXINT2_IRQHandler 00000034

Symbol: EXINT2_IRQHandler
   Definitions
      At line 280 in file startup_at32f413_ext_ram.s
   Uses
      At line 68 in file startup_at32f413_ext_ram.s
      At line 216 in file startup_at32f413_ext_ram.s

EXINT3_IRQHandler 00000034

Symbol: EXINT3_IRQHandler
   Definitions
      At line 281 in file startup_at32f413_ext_ram.s
   Uses
      At line 69 in file startup_at32f413_ext_ram.s
      At line 217 in file startup_at32f413_ext_ram.s

EXINT4_IRQHandler 00000034

Symbol: EXINT4_IRQHandler
   Definitions
      At line 282 in file startup_at32f413_ext_ram.s
   Uses
      At line 70 in file startup_at32f413_ext_ram.s
      At line 218 in file startup_at32f413_ext_ram.s

EXINT9_5_IRQHandler 00000034

Symbol: EXINT9_5_IRQHandler
   Definitions
      At line 295 in file startup_at32f413_ext_ram.s
   Uses
      At line 83 in file startup_at32f413_ext_ram.s
      At line 231 in file startup_at32f413_ext_ram.s

FLASH_IRQHandler 00000034

Symbol: FLASH_IRQHandler
   Definitions
      At line 276 in file startup_at32f413_ext_ram.s
   Uses
      At line 64 in file startup_at32f413_ext_ram.s
      At line 212 in file startup_at32f413_ext_ram.s




ARM Macro Assembler    Page 6 Alphabetic symbol ordering
Relocatable symbols

HardFault_Handler 00000024

Symbol: HardFault_Handler
   Definitions
      At line 169 in file startup_at32f413_ext_ram.s
   Uses
      At line 45 in file startup_at32f413_ext_ram.s
      At line 170 in file startup_at32f413_ext_ram.s

I2C1_ERR_IRQHandler 00000034

Symbol: I2C1_ERR_IRQHandler
   Definitions
      At line 304 in file startup_at32f413_ext_ram.s
   Uses
      At line 92 in file startup_at32f413_ext_ram.s
      At line 240 in file startup_at32f413_ext_ram.s

I2C1_EVT_IRQHandler 00000034

Symbol: I2C1_EVT_IRQHandler
   Definitions
      At line 303 in file startup_at32f413_ext_ram.s
   Uses
      At line 91 in file startup_at32f413_ext_ram.s
      At line 239 in file startup_at32f413_ext_ram.s

I2C2_ERR_IRQHandler 00000034

Symbol: I2C2_ERR_IRQHandler
   Definitions
      At line 306 in file startup_at32f413_ext_ram.s
   Uses
      At line 94 in file startup_at32f413_ext_ram.s
      At line 242 in file startup_at32f413_ext_ram.s

I2C2_EVT_IRQHandler 00000034

Symbol: I2C2_EVT_IRQHandler
   Definitions
      At line 305 in file startup_at32f413_ext_ram.s
   Uses
      At line 93 in file startup_at32f413_ext_ram.s
      At line 241 in file startup_at32f413_ext_ram.s

MemManage_Handler 00000026

Symbol: MemManage_Handler
   Definitions
      At line 174 in file startup_at32f413_ext_ram.s
   Uses
      At line 46 in file startup_at32f413_ext_ram.s
      At line 175 in file startup_at32f413_ext_ram.s

NMI_Handler 00000022

Symbol: NMI_Handler
   Definitions
      At line 164 in file startup_at32f413_ext_ram.s



ARM Macro Assembler    Page 7 Alphabetic symbol ordering
Relocatable symbols

   Uses
      At line 44 in file startup_at32f413_ext_ram.s
      At line 165 in file startup_at32f413_ext_ram.s

PVM_IRQHandler 00000034

Symbol: PVM_IRQHandler
   Definitions
      At line 273 in file startup_at32f413_ext_ram.s
   Uses
      At line 61 in file startup_at32f413_ext_ram.s
      At line 209 in file startup_at32f413_ext_ram.s

PendSV_Handler 00000030

Symbol: PendSV_Handler
   Definitions
      At line 197 in file startup_at32f413_ext_ram.s
   Uses
      At line 56 in file startup_at32f413_ext_ram.s
      At line 198 in file startup_at32f413_ext_ram.s

RTCAlarm_IRQHandler 00000034

Symbol: RTCAlarm_IRQHandler
   Definitions
      At line 313 in file startup_at32f413_ext_ram.s
   Uses
      At line 101 in file startup_at32f413_ext_ram.s
      At line 249 in file startup_at32f413_ext_ram.s

RTC_IRQHandler 00000034

Symbol: RTC_IRQHandler
   Definitions
      At line 275 in file startup_at32f413_ext_ram.s
   Uses
      At line 63 in file startup_at32f413_ext_ram.s
      At line 211 in file startup_at32f413_ext_ram.s

Reset_Handler 00000000

Symbol: Reset_Handler
   Definitions
      At line 143 in file startup_at32f413_ext_ram.s
   Uses
      At line 43 in file startup_at32f413_ext_ram.s
      At line 144 in file startup_at32f413_ext_ram.s

SDIO1_IRQHandler 00000034

Symbol: SDIO1_IRQHandler
   Definitions
      At line 319 in file startup_at32f413_ext_ram.s
   Uses
      At line 109 in file startup_at32f413_ext_ram.s
      At line 255 in file startup_at32f413_ext_ram.s

SPI1_IRQHandler 00000034



ARM Macro Assembler    Page 8 Alphabetic symbol ordering
Relocatable symbols


Symbol: SPI1_IRQHandler
   Definitions
      At line 307 in file startup_at32f413_ext_ram.s
   Uses
      At line 95 in file startup_at32f413_ext_ram.s
      At line 243 in file startup_at32f413_ext_ram.s

SPI2_IRQHandler 00000034

Symbol: SPI2_IRQHandler
   Definitions
      At line 308 in file startup_at32f413_ext_ram.s
   Uses
      At line 96 in file startup_at32f413_ext_ram.s
      At line 244 in file startup_at32f413_ext_ram.s

SVC_Handler 0000002C

Symbol: SVC_Handler
   Definitions
      At line 188 in file startup_at32f413_ext_ram.s
   Uses
      At line 53 in file startup_at32f413_ext_ram.s
      At line 189 in file startup_at32f413_ext_ram.s

SysTick_Handler 00000032

Symbol: SysTick_Handler
   Definitions
      At line 201 in file startup_at32f413_ext_ram.s
   Uses
      At line 57 in file startup_at32f413_ext_ram.s
      At line 202 in file startup_at32f413_ext_ram.s

TAMPER_IRQHandler 00000034

Symbol: TAMPER_IRQHandler
   Definitions
      At line 274 in file startup_at32f413_ext_ram.s
   Uses
      At line 62 in file startup_at32f413_ext_ram.s
      At line 210 in file startup_at32f413_ext_ram.s

TMR1_BRK_TMR9_IRQHandler 00000034

Symbol: TMR1_BRK_TMR9_IRQHandler
   Definitions
      At line 296 in file startup_at32f413_ext_ram.s
   Uses
      At line 84 in file startup_at32f413_ext_ram.s
      At line 232 in file startup_at32f413_ext_ram.s

TMR1_CH_IRQHandler 00000034

Symbol: TMR1_CH_IRQHandler
   Definitions
      At line 299 in file startup_at32f413_ext_ram.s
   Uses



ARM Macro Assembler    Page 9 Alphabetic symbol ordering
Relocatable symbols

      At line 87 in file startup_at32f413_ext_ram.s
      At line 235 in file startup_at32f413_ext_ram.s

TMR1_OVF_TMR10_IRQHandler 00000034

Symbol: TMR1_OVF_TMR10_IRQHandler
   Definitions
      At line 297 in file startup_at32f413_ext_ram.s
   Uses
      At line 85 in file startup_at32f413_ext_ram.s
      At line 233 in file startup_at32f413_ext_ram.s

TMR1_TRG_HALL_TMR11_IRQHandler 00000034

Symbol: TMR1_TRG_HALL_TMR11_IRQHandler
   Definitions
      At line 298 in file startup_at32f413_ext_ram.s
   Uses
      At line 86 in file startup_at32f413_ext_ram.s
      At line 234 in file startup_at32f413_ext_ram.s

TMR2_GLOBAL_IRQHandler 00000034

Symbol: TMR2_GLOBAL_IRQHandler
   Definitions
      At line 300 in file startup_at32f413_ext_ram.s
   Uses
      At line 88 in file startup_at32f413_ext_ram.s
      At line 236 in file startup_at32f413_ext_ram.s

TMR3_GLOBAL_IRQHandler 00000034

Symbol: TMR3_GLOBAL_IRQHandler
   Definitions
      At line 301 in file startup_at32f413_ext_ram.s
   Uses
      At line 89 in file startup_at32f413_ext_ram.s
      At line 237 in file startup_at32f413_ext_ram.s

TMR4_GLOBAL_IRQHandler 00000034

Symbol: TMR4_GLOBAL_IRQHandler
   Definitions
      At line 302 in file startup_at32f413_ext_ram.s
   Uses
      At line 90 in file startup_at32f413_ext_ram.s
      At line 238 in file startup_at32f413_ext_ram.s

TMR5_GLOBAL_IRQHandler 00000034

Symbol: TMR5_GLOBAL_IRQHandler
   Definitions
      At line 320 in file startup_at32f413_ext_ram.s
   Uses
      At line 110 in file startup_at32f413_ext_ram.s
      At line 256 in file startup_at32f413_ext_ram.s

TMR8_BRK_IRQHandler 00000034




ARM Macro Assembler    Page 10 Alphabetic symbol ordering
Relocatable symbols

Symbol: TMR8_BRK_IRQHandler
   Definitions
      At line 315 in file startup_at32f413_ext_ram.s
   Uses
      At line 103 in file startup_at32f413_ext_ram.s
      At line 251 in file startup_at32f413_ext_ram.s

TMR8_CH_IRQHandler 00000034

Symbol: TMR8_CH_IRQHandler
   Definitions
      At line 318 in file startup_at32f413_ext_ram.s
   Uses
      At line 106 in file startup_at32f413_ext_ram.s
      At line 254 in file startup_at32f413_ext_ram.s

TMR8_OVF_IRQHandler 00000034

Symbol: TMR8_OVF_IRQHandler
   Definitions
      At line 316 in file startup_at32f413_ext_ram.s
   Uses
      At line 104 in file startup_at32f413_ext_ram.s
      At line 252 in file startup_at32f413_ext_ram.s

TMR8_TRG_HALL_IRQHandler 00000034

Symbol: TMR8_TRG_HALL_IRQHandler
   Definitions
      At line 317 in file startup_at32f413_ext_ram.s
   Uses
      At line 105 in file startup_at32f413_ext_ram.s
      At line 253 in file startup_at32f413_ext_ram.s

UART4_IRQHandler 00000034

Symbol: UART4_IRQHandler
   Definitions
      At line 321 in file startup_at32f413_ext_ram.s
   Uses
      At line 112 in file startup_at32f413_ext_ram.s
      At line 257 in file startup_at32f413_ext_ram.s

UART5_IRQHandler 00000034

Symbol: UART5_IRQHandler
   Definitions
      At line 322 in file startup_at32f413_ext_ram.s
   Uses
      At line 113 in file startup_at32f413_ext_ram.s
      At line 258 in file startup_at32f413_ext_ram.s

USART1_IRQHandler 00000034

Symbol: USART1_IRQHandler
   Definitions
      At line 309 in file startup_at32f413_ext_ram.s
   Uses
      At line 97 in file startup_at32f413_ext_ram.s



ARM Macro Assembler    Page 11 Alphabetic symbol ordering
Relocatable symbols

      At line 245 in file startup_at32f413_ext_ram.s

USART2_IRQHandler 00000034

Symbol: USART2_IRQHandler
   Definitions
      At line 310 in file startup_at32f413_ext_ram.s
   Uses
      At line 98 in file startup_at32f413_ext_ram.s
      At line 246 in file startup_at32f413_ext_ram.s

USART3_IRQHandler 00000034

Symbol: USART3_IRQHandler
   Definitions
      At line 311 in file startup_at32f413_ext_ram.s
   Uses
      At line 99 in file startup_at32f413_ext_ram.s
      At line 247 in file startup_at32f413_ext_ram.s

USBFSWakeUp_IRQHandler 00000034

Symbol: USBFSWakeUp_IRQHandler
   Definitions
      At line 314 in file startup_at32f413_ext_ram.s
   Uses
      At line 102 in file startup_at32f413_ext_ram.s
      At line 250 in file startup_at32f413_ext_ram.s

USBFS_H_CAN1_TX_IRQHandler 00000034

Symbol: USBFS_H_CAN1_TX_IRQHandler
   Definitions
      At line 291 in file startup_at32f413_ext_ram.s
   Uses
      At line 79 in file startup_at32f413_ext_ram.s
      At line 227 in file startup_at32f413_ext_ram.s

USBFS_L_CAN1_RX0_IRQHandler 00000034

Symbol: USBFS_L_CAN1_RX0_IRQHandler
   Definitions
      At line 292 in file startup_at32f413_ext_ram.s
   Uses
      At line 80 in file startup_at32f413_ext_ram.s
      At line 228 in file startup_at32f413_ext_ram.s

USBFS_MAPH_IRQHandler 00000034

Symbol: USBFS_MAPH_IRQHandler
   Definitions
      At line 332 in file startup_at32f413_ext_ram.s
   Uses
      At line 133 in file startup_at32f413_ext_ram.s
      At line 268 in file startup_at32f413_ext_ram.s

USBFS_MAPL_IRQHandler 00000034

Symbol: USBFS_MAPL_IRQHandler



ARM Macro Assembler    Page 12 Alphabetic symbol ordering
Relocatable symbols

   Definitions
      At line 333 in file startup_at32f413_ext_ram.s
   Uses
      At line 134 in file startup_at32f413_ext_ram.s
      At line 269 in file startup_at32f413_ext_ram.s

UsageFault_Handler 0000002A

Symbol: UsageFault_Handler
   Definitions
      At line 184 in file startup_at32f413_ext_ram.s
   Uses
      At line 48 in file startup_at32f413_ext_ram.s
      At line 185 in file startup_at32f413_ext_ram.s

WWDT_IRQHandler 00000034

Symbol: WWDT_IRQHandler
   Definitions
      At line 272 in file startup_at32f413_ext_ram.s
   Uses
      At line 60 in file startup_at32f413_ext_ram.s
      At line 208 in file startup_at32f413_ext_ram.s

__user_initial_stackheap 00000038

Symbol: __user_initial_stackheap
   Definitions
      At line 355 in file startup_at32f413_ext_ram.s
   Uses
      At line 353 in file startup_at32f413_ext_ram.s
Comment: __user_initial_stackheap used once
76 symbols



ARM Macro Assembler    Page 1 Alphabetic symbol ordering
Absolute symbols

Heap_Size 00000800

Symbol: Heap_Size
   Definitions
      At line 25 in file startup_at32f413_ext_ram.s
   Uses
      At line 29 in file startup_at32f413_ext_ram.s
      At line 359 in file startup_at32f413_ext_ram.s

Stack_Size 00000800

Symbol: Stack_Size
   Definitions
      At line 15 in file startup_at32f413_ext_ram.s
   Uses
      At line 18 in file startup_at32f413_ext_ram.s
      At line 358 in file startup_at32f413_ext_ram.s

__Vectors_Size 00000170

Symbol: __Vectors_Size
   Definitions
      At line 138 in file startup_at32f413_ext_ram.s
   Uses
      At line 40 in file startup_at32f413_ext_ram.s
Comment: __Vectors_Size used once
3 symbols



ARM Macro Assembler    Page 1 Alphabetic symbol ordering
External symbols

SystemInit 00000000

Symbol: SystemInit
   Definitions
      At line 146 in file startup_at32f413_ext_ram.s
   Uses
      At line 156 in file startup_at32f413_ext_ram.s
Comment: SystemInit used once
__main 00000000

Symbol: __main
   Definitions
      At line 145 in file startup_at32f413_ext_ram.s
   Uses
      At line 158 in file startup_at32f413_ext_ram.s
Comment: __main used once
__use_two_region_memory 00000000

Symbol: __use_two_region_memory
   Definitions
      At line 352 in file startup_at32f413_ext_ram.s
   Uses
      None
Comment: __use_two_region_memory unused
extend_sram 00000000

Symbol: extend_sram
   Definitions
      At line 148 in file startup_at32f413_ext_ram.s
   Uses
      At line 151 in file startup_at32f413_ext_ram.s
Comment: extend_sram used once
4 symbols
431 symbols in table
